----------------------------------------------------------------------------------------------------
2016-07-17 09:46:16
frm出入库管理_Edit: Sub Form_Load()
您输入的表达式引用了一个关闭或不存在的对象。
----------------------------------------------------------------------------------------------------
2016-07-17 11:20:53
frm荒料板材_Edit: Sub Form_Load()
动作查询不能作为行的来源。
----------------------------------------------------------------------------------------------------
2016-07-17 14:45:30
frm码单_Edit2: Sub btnSave_Click()
由于将在索引、 主关键字、或关系中创建重复的值，请求对表的改变没有成功。改变该字段中的或包含重复数据的字段中的数据，删除索引或重新定义索引以允许重复的值并再试一次。
----------------------------------------------------------------------------------------------------
2016-07-17 15:07:40
frm码单_Edit2: Sub btnSave_Click()
由于将在索引、 主关键字、或关系中创建重复的值，请求对表的改变没有成功。改变该字段中的或包含重复数据的字段中的数据，删除索引或重新定义索引以允许重复的值并再试一次。
----------------------------------------------------------------------------------------------------
2016-07-17 15:19:00
Function RunMenuCommand()
宏建石材PCCS 1.0 找不到引用的窗体“frm码单”。
----------------------------------------------------------------------------------------------------
2016-07-17 15:19:04
Function RunMenuCommand()
宏建石材PCCS 1.0 找不到引用的窗体“frm码单”。
----------------------------------------------------------------------------------------------------
2016-07-17 17:24:06
frm销售订单_Edit: Sub Form_Load()
在对应所需名称或序数的集合中，未找到项目。
