----------------------------------------------------------------------------------------------------
2016-08-23 11:16:02
frm客户信息: Sub Form_Load()
您输入的表达式引用了一个关闭或不存在的对象。
----------------------------------------------------------------------------------------------------
2016-08-23 11:16:06
frm客户信息: Sub Form_Load()
您输入的表达式引用了一个关闭或不存在的对象。
----------------------------------------------------------------------------------------------------
2016-08-23 15:36:30
Function RunMenuCommand()
因为另一个用户正在打开文件，宏建石材PCCS 1.8beta11 无法保存设计更改或保存到一个新的数据库对象中。如果想要保存您的设计更改或保存到一个新的对象中，您必须以独占方式打开该文件。
----------------------------------------------------------------------------------------------------
2016-08-23 15:44:02
SysFrmMain: Sub Form_Load()
宏建石材PCCS 1.8beta11 找不到引用的窗体“SysFrmMain”。
----------------------------------------------------------------------------------------------------
2016-08-23 15:44:09
Function RunMenuCommand()
宏建石材PCCS 1.8beta11 找不到引用的窗体“SysFrmMain”。
----------------------------------------------------------------------------------------------------
2016-08-23 15:44:11
Function RunMenuCommand()
宏建石材PCCS 1.8beta11 找不到引用的窗体“SysFrmMain”。
----------------------------------------------------------------------------------------------------
2016-08-23 15:44:13
Function RunMenuCommand()
宏建石材PCCS 1.8beta11 找不到引用的窗体“SysFrmMain”。
