----------------------------------------------------------------------------------------------------
2016-07-21 09:20:44
SysFrmLinkTableCreator: Sub btnOK_Click()
表 'qry销售收款记录' 已存在。
----------------------------------------------------------------------------------------------------
2016-07-21 09:22:36
frm销售收款记录: Sub Form_Load()
您输入的表达式引用了一个关闭或不存在的对象。
----------------------------------------------------------------------------------------------------
2016-07-21 09:53:18
frm荒料板材_Edit: Sub Form_Load()
Microsoft Access 数据库引擎找不到输入表或查询“qry入库码单列表”。请确定它存在且其名称拼写正确。
----------------------------------------------------------------------------------------------------
2016-07-21 09:53:22
frm荒料板材_Edit: Sub Form_Load()
Microsoft Access 数据库引擎找不到输入表或查询“qry入库码单列表”。请确定它存在且其名称拼写正确。
----------------------------------------------------------------------------------------------------
2016-07-21 09:53:39
frm荒料板材_Edit: Sub Form_Load()
Microsoft Access 数据库引擎找不到输入表或查询“qry入库码单列表”。请确定它存在且其名称拼写正确。
----------------------------------------------------------------------------------------------------
2016-07-21 09:54:53
frm荒料板材_Edit: Sub Form_Load()
Microsoft Access 数据库引擎找不到输入表或查询“qry入库码单列表”。请确定它存在且其名称拼写正确。
----------------------------------------------------------------------------------------------------
2016-07-21 09:55:52
frm荒料板材_Edit: Sub Form_Load()
Microsoft Access 数据库引擎找不到输入表或查询“qry入库码单列表”。请确定它存在且其名称拼写正确。
----------------------------------------------------------------------------------------------------
2016-07-21 09:59:35
frm码单_Edit: Sub btnSave_Click()
不能更新。数据库或对象为只读。
----------------------------------------------------------------------------------------------------
2016-07-21 12:36:39
frm荒料板材_Edit: Sub Form_Load()
在对应所需名称或序数的集合中，未找到项目。
----------------------------------------------------------------------------------------------------
2016-07-21 12:36:43
frm荒料板材_Edit: Sub Form_Load()
在对应所需名称或序数的集合中，未找到项目。
----------------------------------------------------------------------------------------------------
2016-07-21 12:36:49
frm荒料板材_Edit: Sub Form_Load()
在对应所需名称或序数的集合中，未找到项目。
