----------------------------------------------------------------------------------------------------
2016-07-09 11:25:56
frm销售订单_Edit: Sub Form_Load()
表 'TMP_tbl销售订单明细' 己经被别的用户以独占方式打开， 或它已经被其它用户从用户界面打开，且不能被程序处理。
----------------------------------------------------------------------------------------------------
2016-07-09 15:58:03
frm客户信息: Sub Form_Load()
类型不匹配
----------------------------------------------------------------------------------------------------
2016-07-09 15:58:13
frm客户信息: Sub Form_Load()
类型不匹配
----------------------------------------------------------------------------------------------------
2016-07-09 16:03:49
frm客户信息: Sub Form_Load()
类型不匹配
----------------------------------------------------------------------------------------------------
2016-07-09 16:04:00
frm客户信息: Sub Form_Load()
类型不匹配
----------------------------------------------------------------------------------------------------
2016-07-09 20:07:48
SysFrmMain: Sub Form_Load()
对象不支持该属性或方法
----------------------------------------------------------------------------------------------------
2016-07-09 21:31:49
frm销售订单_Edit: Sub Form_Load()
ODBC--调用失败。
