----------------------------------------------------------------------------------------------------
2016-08-06 22:08:35
frm销售订单_Edit: Sub Form_Load()
ODBC--连接到 'SQL Server192.168.1.187' 失败。
----------------------------------------------------------------------------------------------------
2016-08-06 22:13:15
frm销售订单_Edit: Sub Form_Load()
ODBC--连接到 'SQL Server192.168.1.187' 失败。
----------------------------------------------------------------------------------------------------
2016-08-06 22:14:25
frm销售订单_Edit: Sub Form_Load()
ODBC--连接到 'SQL Server192.168.1.187' 失败。
----------------------------------------------------------------------------------------------------
2016-08-06 22:15:23
frm荒料板材_Edit: Sub Form_Load()
ODBC--连接到 'SQL Server192.168.1.187' 失败。
----------------------------------------------------------------------------------------------------
2016-08-06 22:16:26
frm荒料板材_Edit: Sub Form_Load()
ODBC--连接到 'SQL Server192.168.1.187' 失败。
----------------------------------------------------------------------------------------------------
2016-08-06 22:18:57
frm荒料板材_Edit: Sub Form_Load()
在对应所需名称或序数的集合中，未找到项目。
----------------------------------------------------------------------------------------------------
2016-08-06 22:19:02
frm荒料板材_Edit: Sub Form_Load()
在对应所需名称或序数的集合中，未找到项目。
----------------------------------------------------------------------------------------------------
2016-08-06 22:23:35
frm荒料板材_Edit: Sub Form_Load()
在对应所需名称或序数的集合中，未找到项目。
----------------------------------------------------------------------------------------------------
2016-08-06 22:32:54
frm销售订单_Edit: Sub Form_Load()
在对应所需名称或序数的集合中，未找到项目。
----------------------------------------------------------------------------------------------------
2016-08-06 22:32:58
frm销售订单_Edit: Sub Form_Load()
在对应所需名称或序数的集合中，未找到项目。
----------------------------------------------------------------------------------------------------
2016-08-06 23:20:59
frm码单_Edit: Sub Form_Load()
您不能将数值指定给这个对象。
