----------------------------------------------------------------------------------------------------
2016-08-05 09:50:37
frm进口代理订单_Edit: Sub Form_Load()
在不使用 AddNew 或 Edit 的情况下，更新 (Update) 或取消更新 (CancelUpdate)。
----------------------------------------------------------------------------------------------------
2016-08-05 09:50:46
frm进口代理订单_Edit: Sub Form_Load()
在不使用 AddNew 或 Edit 的情况下，更新 (Update) 或取消更新 (CancelUpdate)。
----------------------------------------------------------------------------------------------------
2016-08-05 09:52:03
frm进口代理订单_Edit: Sub Form_Load()
在不使用 AddNew 或 Edit 的情况下，更新 (Update) 或取消更新 (CancelUpdate)。
----------------------------------------------------------------------------------------------------
2016-08-05 13:14:56
frm出入库管理_Edit: Sub Form_Load()
您输入的表达式引用了一个关闭或不存在的对象。
----------------------------------------------------------------------------------------------------
2016-08-05 13:20:08
frm出入库管理_Edit: Sub Form_Load()
您输入的表达式引用了一个关闭或不存在的对象。
----------------------------------------------------------------------------------------------------
2016-08-05 14:07:08
frm销售订单_Edit: Sub Form_Load()
在对应所需名称或序数的集合中，未找到项目。
----------------------------------------------------------------------------------------------------
2016-08-05 14:07:20
frm销售订单_Edit: Sub Form_Load()
在对应所需名称或序数的集合中，未找到项目。
----------------------------------------------------------------------------------------------------
2016-08-05 14:07:30
frm销售订单_Edit: Sub Form_Load()
在对应所需名称或序数的集合中，未找到项目。
----------------------------------------------------------------------------------------------------
2016-08-05 15:48:32
frm荒料板材_Edit: Sub Form_Load()
Microsoft Access 数据库引擎找不到输入表或查询“qry入库码单列表_在库”。请确定它存在且其名称拼写正确。
----------------------------------------------------------------------------------------------------
2016-08-05 15:48:40
frm荒料板材_Edit: Sub Form_Load()
Microsoft Access 数据库引擎找不到输入表或查询“qry入库码单列表_在库”。请确定它存在且其名称拼写正确。
----------------------------------------------------------------------------------------------------
2016-08-05 16:06:54
frm荒料板材_Edit: Sub Form_Load()
在对应所需名称或序数的集合中，未找到项目。
----------------------------------------------------------------------------------------------------
2016-08-05 16:16:56
frm出入库管理_edit: Sub Form_Load()
您为该字段输入的值无效。
----------------------------------------------------------------------------------------------------
2016-08-05 16:17:02
frm出入库管理_edit: Sub Form_Load()
您为该字段输入的值无效。
----------------------------------------------------------------------------------------------------
2016-08-05 16:18:13
frm出入库管理_edit: Sub Form_Load()
您为该字段输入的值无效。
