----------------------------------------------------------------------------------------------------
2016-07-20 12:04:37
frm码单_Edit: Sub Form_Load()
语法错误 (操作符丢失) 在查询表达式 'block_ID=' 中。
----------------------------------------------------------------------------------------------------
2016-07-20 12:04:45
frm码单_Edit: Sub Form_Load()
语法错误 (操作符丢失) 在查询表达式 'block_ID=' 中。
----------------------------------------------------------------------------------------------------
2016-07-20 12:52:06
frm码单_Edit2: Sub btnSave_Click()
查询值的数目与目标字段中的数目不同。
----------------------------------------------------------------------------------------------------
2016-07-20 12:52:11
frm码单_Edit2: Sub btnSave_Click()
查询值的数目与目标字段中的数目不同。
----------------------------------------------------------------------------------------------------
2016-07-20 14:50:17
frm码单_Edit: Sub btnSave_Click()
UPDATE 语句的语法错误。
----------------------------------------------------------------------------------------------------
2016-07-20 14:51:15
frm码单_Edit: Sub btnSave_Click()
UPDATE 语句的语法错误。
----------------------------------------------------------------------------------------------------
2016-07-20 14:51:35
frm码单_Edit: Sub btnSave_Click()
UPDATE 语句的语法错误。
----------------------------------------------------------------------------------------------------
2016-07-20 14:54:35
frm码单_Edit: Sub btnSave_Click()
UPDATE 语句的语法错误。
----------------------------------------------------------------------------------------------------
2016-07-20 22:51:12
frm码单_Edit: Sub btnSave_Click()
不能更新。数据库或对象为只读。
----------------------------------------------------------------------------------------------------
2016-07-20 22:51:15
frm码单_Edit: Sub btnSave_Click()
不能更新。数据库或对象为只读。
----------------------------------------------------------------------------------------------------
2016-07-20 22:51:38
frm码单_Edit: Sub btnSave_Click()
不能更新。数据库或对象为只读。
----------------------------------------------------------------------------------------------------
2016-07-20 22:51:44
frm码单_Edit: Sub btnSave_Click()
不能更新。数据库或对象为只读。
----------------------------------------------------------------------------------------------------
2016-07-20 23:28:51
frm销售订单: Sub Form_Load()
您输入的表达式引用了一个关闭或不存在的对象。
----------------------------------------------------------------------------------------------------
2016-07-20 23:28:55
frm销售订单: Sub Form_Load()
您输入的表达式引用了一个关闭或不存在的对象。
----------------------------------------------------------------------------------------------------
2016-07-20 23:29:34
SysFrmLinkTableCreator: Sub btnOK_Click()
表 'qry供应商信息' 已存在。
----------------------------------------------------------------------------------------------------
2016-07-20 23:29:44
frm销售订单: Sub Form_Load()
您输入的表达式引用了一个关闭或不存在的对象。
----------------------------------------------------------------------------------------------------
2016-07-20 23:29:50
frm销售订单: Sub Form_Load()
您输入的表达式引用了一个关闭或不存在的对象。
----------------------------------------------------------------------------------------------------
2016-07-20 23:29:58
frm销售订单: Sub Form_Load()
您输入的表达式引用了一个关闭或不存在的对象。
----------------------------------------------------------------------------------------------------
2016-07-20 23:30:12
frm荒料板材: Sub Form_Load()
您输入的表达式引用了一个关闭或不存在的对象。
----------------------------------------------------------------------------------------------------
2016-07-20 23:36:48
frm销售订单: Sub Form_Load()
您输入的表达式引用了一个关闭或不存在的对象。
----------------------------------------------------------------------------------------------------
2016-07-20 23:36:53
frm销售订单: Sub Form_Load()
您输入的表达式引用了一个关闭或不存在的对象。
----------------------------------------------------------------------------------------------------
2016-07-20 23:37:09
SysFrmLinkTableCreator: Sub btnOK_Click()
表 'qry荒料批次成本' 已存在。
----------------------------------------------------------------------------------------------------
2016-07-20 23:37:46
frm板材出材率警报: Sub Form_Load()
您输入的表达式引用了一个关闭或不存在的对象。
----------------------------------------------------------------------------------------------------
2016-07-20 23:38:02
frm销售订单: Sub Form_Load()
您输入的表达式引用了一个关闭或不存在的对象。
----------------------------------------------------------------------------------------------------
2016-07-20 23:38:12
frm荒料板材_Edit: Sub Form_Load()
Microsoft Access 数据库引擎找不到输入表或查询“qry荒料板材信息”。请确定它存在且其名称拼写正确。
----------------------------------------------------------------------------------------------------
2016-07-20 23:38:25
frm荒料板材_Edit: Sub Form_Load()
Microsoft Access 数据库引擎找不到输入表或查询“qry荒料板材信息”。请确定它存在且其名称拼写正确。
----------------------------------------------------------------------------------------------------
2016-07-20 23:39:20
frm销售订单: Sub Form_Load()
您输入的表达式引用了一个关闭或不存在的对象。
----------------------------------------------------------------------------------------------------
2016-07-20 23:42:32
frm销售订单: Sub Form_Load()
您输入的表达式引用了一个关闭或不存在的对象。
----------------------------------------------------------------------------------------------------
2016-07-20 23:42:44
SysFrmLinkTableCreator: Sub btnOK_Click()
表 'qry供应商信息' 已存在。
----------------------------------------------------------------------------------------------------
2016-07-20 23:42:56
SysFrmLinkTableCreator: Sub btnOK_Click()
表 'qry出入库_报表' 已存在。
----------------------------------------------------------------------------------------------------
2016-07-20 23:42:59
SysFrmLinkTableCreator: Sub btnOK_Click()
表 'qry出材率警报' 已存在。
----------------------------------------------------------------------------------------------------
2016-07-20 23:43:02
SysFrmLinkTableCreator: Sub btnOK_Click()
表 'qry客户信息' 已存在。
----------------------------------------------------------------------------------------------------
2016-07-20 23:43:07
SysFrmLinkTableCreator: Sub btnOK_Click()
表 'qry客户信息明细' 已存在。
----------------------------------------------------------------------------------------------------
2016-07-20 23:43:10
SysFrmLinkTableCreator: Sub btnOK_Click()
表 'qry客户销售记录' 已存在。
----------------------------------------------------------------------------------------------------
2016-07-20 23:43:33
SysFrmLinkTableCreator: Sub btnOK_Click()
表 'qry板材出材率警报' 已存在。
----------------------------------------------------------------------------------------------------
2016-07-20 23:43:36
SysFrmLinkTableCreator: Sub btnOK_Click()
表 'qry码单对应相关单号' 已存在。
----------------------------------------------------------------------------------------------------
2016-07-20 23:43:52
SysFrmLinkTableCreator: Sub btnOK_Click()
表 'qry进口代理订单' 已存在。
----------------------------------------------------------------------------------------------------
2016-07-20 23:43:55
SysFrmLinkTableCreator: Sub btnOK_Click()
表 'qry采购付款信息' 已存在。
----------------------------------------------------------------------------------------------------
2016-07-20 23:43:58
SysFrmLinkTableCreator: Sub btnOK_Click()
表 'qry销售收款记录' 已存在。
----------------------------------------------------------------------------------------------------
2016-07-20 23:44:01
SysFrmLinkTableCreator: Sub btnOK_Click()
表 'qry销售收款记录合计_按sale_ID' 已存在。
----------------------------------------------------------------------------------------------------
2016-07-20 23:44:47
frm销售订单_Edit: Sub Form_Load()
在对应所需名称或序数的集合中，未找到项目。
----------------------------------------------------------------------------------------------------
2016-07-20 23:44:53
frm销售订单_Edit: Sub Form_Load()
在对应所需名称或序数的集合中，未找到项目。
----------------------------------------------------------------------------------------------------
2016-07-20 23:46:08
frm出入库管理_Edit: Sub Form_Load()
在对应所需名称或序数的集合中，未找到项目。
----------------------------------------------------------------------------------------------------
2016-07-20 23:46:12
frm出入库管理_Edit: Sub Form_Load()
在对应所需名称或序数的集合中，未找到项目。
----------------------------------------------------------------------------------------------------
2016-07-20 23:50:25
SysFrmLinkTableCreator: Sub btnOK_Click()
表 'qry客户信息明细' 已存在。
----------------------------------------------------------------------------------------------------
2016-07-20 23:52:26
SysFrmLinkTableCreator: Sub btnOK_Click()
表 'qry供应商信息' 已存在。
----------------------------------------------------------------------------------------------------
2016-07-20 23:52:35
SysFrmLinkTableCreator: Sub btnOK_Click()
表 'qry出入库_报表' 已存在。
----------------------------------------------------------------------------------------------------
2016-07-20 23:52:38
SysFrmLinkTableCreator: Sub btnOK_Click()
表 'qry出材率警报' 已存在。
----------------------------------------------------------------------------------------------------
2016-07-20 23:52:41
SysFrmLinkTableCreator: Sub btnOK_Click()
表 'qry客户信息' 已存在。
----------------------------------------------------------------------------------------------------
2016-07-20 23:52:44
SysFrmLinkTableCreator: Sub btnOK_Click()
表 'qry客户信息明细' 已存在。
----------------------------------------------------------------------------------------------------
2016-07-20 23:52:48
SysFrmLinkTableCreator: Sub btnOK_Click()
表 'qry客户销售记录' 已存在。
----------------------------------------------------------------------------------------------------
2016-07-20 23:52:59
SysFrmLinkTableCreator: Sub btnOK_Click()
表 'qry销售收款记录' 已存在。
----------------------------------------------------------------------------------------------------
2016-07-20 23:53:02
SysFrmLinkTableCreator: Sub btnOK_Click()
表 'qry销售收款记录合计_按sale_ID' 已存在。
----------------------------------------------------------------------------------------------------
2016-07-20 23:55:24
SysFrmLinkTableCreator: Sub btnOK_Click()
表 'qry销售收款记录' 已存在。
----------------------------------------------------------------------------------------------------
2016-07-20 23:56:28
SysFrmLinkTableCreator: Sub btnOK_Click()
表 'qry销售收款记录' 已存在。
----------------------------------------------------------------------------------------------------
2016-07-20 23:56:33
SysFrmLinkTableCreator: Sub btnOK_Click()
表 'qry销售收款记录' 已存在。
----------------------------------------------------------------------------------------------------
2016-07-20 23:57:27
SysFrmLinkTableCreator: Sub btnOK_Click()
表 'qry销售收款记录' 已存在。
----------------------------------------------------------------------------------------------------
2016-07-20 23:57:31
SysFrmLinkTableCreator: Sub btnOK_Click()
表 'qry销售收款记录合计_按sale_ID' 已存在。
----------------------------------------------------------------------------------------------------
2016-07-20 23:58:03
SysFrmLinkTableCreator: Sub btnOK_Click()
表 'qry销售收款记录' 已存在。
