----------------------------------------------------------------------------------------------------
2016-08-20 14:01:07
SysFrmMain: Sub Form_Load()
对象不支持该属性或方法
----------------------------------------------------------------------------------------------------
2016-08-20 14:58:05
SysFrmMain: Sub Form_Load()
对象不支持该属性或方法
----------------------------------------------------------------------------------------------------
2016-08-20 15:26:56
Function GetAutoNumber()
自动编号规则“界石ID”未定义。
----------------------------------------------------------------------------------------------------
2016-08-20 15:26:58
frm出入库管理_Edit: Sub btnSave_Click()
试图将 Null 值赋予一个非 Variant 数据类型的变量。
----------------------------------------------------------------------------------------------------
2016-08-20 15:27:41
Function GetAutoNumber()
自动编号规则“界石ID”未定义。
----------------------------------------------------------------------------------------------------
2016-08-20 15:29:30
Function GetAutoNumber()
自动编号规则“界石ID”未定义。
----------------------------------------------------------------------------------------------------
2016-08-20 15:42:53
frm出入库管理_Edit: Sub Form_Load()
ODBC--调用失败。
----------------------------------------------------------------------------------------------------
2016-08-20 15:43:04
frm出入库管理_Edit: Sub Form_Load()
ODBC--调用失败。
