----------------------------------------------------------------------------------------------------
2016-11-06 13:13:55
frm出入库管理_Edit: Sub Form_Load()
由于将在索引、 主关键字、或关系中创建重复的值，请求对表的改变没有成功。改变该字段中的或包含重复数据的字段中的数据，删除索引或重新定义索引以允许重复的值并再试一次。
----------------------------------------------------------------------------------------------------
2016-11-06 13:15:41
frm出入库管理_Edit: Sub Form_Load()
由于将在索引、 主关键字、或关系中创建重复的值，请求对表的改变没有成功。改变该字段中的或包含重复数据的字段中的数据，删除索引或重新定义索引以允许重复的值并再试一次。
----------------------------------------------------------------------------------------------------
2016-11-06 13:19:22
frm出入库管理_Edit: Sub Form_Load()
由于将在索引、 主关键字、或关系中创建重复的值，请求对表的改变没有成功。改变该字段中的或包含重复数据的字段中的数据，删除索引或重新定义索引以允许重复的值并再试一次。
----------------------------------------------------------------------------------------------------
2016-11-06 13:21:23
frm出入库管理_Edit: Sub Form_Load()
由于将在索引、 主关键字、或关系中创建重复的值，请求对表的改变没有成功。改变该字段中的或包含重复数据的字段中的数据，删除索引或重新定义索引以允许重复的值并再试一次。
----------------------------------------------------------------------------------------------------
2016-11-06 13:26:26
frm出入库管理_edit: Sub Form_Load()
由于将在索引、 主关键字、或关系中创建重复的值，请求对表的改变没有成功。改变该字段中的或包含重复数据的字段中的数据，删除索引或重新定义索引以允许重复的值并再试一次。
----------------------------------------------------------------------------------------------------
2016-11-06 15:27:42
frm荒料板材表_选择: Sub Form_Load()
ODBC--调用失败。
----------------------------------------------------------------------------------------------------
2016-11-06 15:27:46
frm荒料板材表_选择: Sub Form_Load()
ODBC--调用失败。
