----------------------------------------------------------------------------------------------------
2016-08-13 11:05:32
Function RunMenuCommand()
您输入的表达式引用了一个关闭或不存在的对象。
----------------------------------------------------------------------------------------------------
2016-08-13 17:20:36
Function RunMenuCommand()
窗体名称“frm荒料板材表_选择”拼写有误或引用了一个不存在的窗体。
----------------------------------------------------------------------------------------------------
2016-08-13 18:41:47
frm荒料板材表_选择: Sub Form_Load()
ODBC--连接到 'SQL Server120.24.161.98' 失败。
----------------------------------------------------------------------------------------------------
2016-08-13 18:51:03
frm荒料板材表_选择: Sub Form_Load()
ODBC--连接到 'SQL Server120.24.161.98' 失败。
----------------------------------------------------------------------------------------------------
2016-08-13 19:22:16
frm荒料板材表_选择: Sub Form_Load()
ODBC--连接到 'SQL Server120.24.161.98' 失败。
----------------------------------------------------------------------------------------------------
2016-08-13 20:52:06
frm销售收款记录: Sub Form_Load()
您输入的表达式引用了一个关闭或不存在的对象。
----------------------------------------------------------------------------------------------------
2016-08-13 20:52:22
frm出入库管理: Sub Form_Load()
您输入的表达式引用了一个关闭或不存在的对象。
----------------------------------------------------------------------------------------------------
2016-08-13 23:42:10
SysFrmGeneralQuickQuery: Function ApplyFilter()
语法错误 (操作符丢失) 在查询表达式 '([weight] =  16)[block_type]= '荒料'' 中。
----------------------------------------------------------------------------------------------------
2016-08-13 23:48:40
SysFrmGeneralQuickQuery: Function ApplyFilter()
语法错误 (操作符丢失) 在查询表达式 '([weight] =  16)[block_type]= '毛板'' 中。
