----------------------------------------------------------------------------------------------------
2016-07-14 00:28:13
frm码单_Edit: Sub Form_Load()
您输入的表达式引用了一个关闭或不存在的对象。
----------------------------------------------------------------------------------------------------
2016-07-14 00:28:22
frm码单_Edit: Sub Form_Load()
您输入的表达式引用了一个关闭或不存在的对象。
----------------------------------------------------------------------------------------------------
2016-07-14 00:29:20
frm码单_Edit: Sub Form_Load()
您输入的表达式引用了一个关闭或不存在的对象。
----------------------------------------------------------------------------------------------------
2016-07-14 00:29:33
frm码单_Edit: Sub Form_Load()
您输入的表达式引用了一个关闭或不存在的对象。
----------------------------------------------------------------------------------------------------
2016-07-14 00:29:58
frm码单_Edit: Sub Form_Load()
您输入的表达式引用了一个关闭或不存在的对象。
----------------------------------------------------------------------------------------------------
2016-07-14 00:30:57
frm码单_Edit: Sub Form_Load()
您输入的表达式引用了一个关闭或不存在的对象。
----------------------------------------------------------------------------------------------------
2016-07-14 00:31:18
frm码单_Edit: Sub Form_Load()
您输入的表达式引用了一个关闭或不存在的对象。
----------------------------------------------------------------------------------------------------
2016-07-14 00:32:07
frm码单_Edit: Sub Form_Load()
您输入的表达式引用了一个关闭或不存在的对象。
----------------------------------------------------------------------------------------------------
2016-07-14 00:33:35
frm码单_Edit: Sub Form_Load()
您输入的表达式引用了一个关闭或不存在的对象。
----------------------------------------------------------------------------------------------------
2016-07-14 00:33:40
frm码单_Edit: Sub Form_Load()
您输入的表达式引用了一个关闭或不存在的对象。
----------------------------------------------------------------------------------------------------
2016-07-14 00:33:59
frm码单_Edit: Sub Form_Load()
您输入的表达式引用了一个关闭或不存在的对象。
----------------------------------------------------------------------------------------------------
2016-07-14 00:34:34
frm码单_Edit: Sub Form_Load()
您输入的表达式引用了一个关闭或不存在的对象。
----------------------------------------------------------------------------------------------------
2016-07-14 00:34:51
frm码单_Edit: Sub Form_Load()
您输入的表达式引用了一个关闭或不存在的对象。
----------------------------------------------------------------------------------------------------
2016-07-14 00:35:01
frm码单_Edit: Sub Form_Load()
您输入的表达式引用了一个关闭或不存在的对象。
----------------------------------------------------------------------------------------------------
2016-07-14 00:35:15
frm码单_Edit: Sub Form_Load()
您输入的表达式引用了一个关闭或不存在的对象。
----------------------------------------------------------------------------------------------------
2016-07-14 00:37:58
frm码单_Edit: Sub Form_Load()
您输入的表达式引用了一个关闭或不存在的对象。
----------------------------------------------------------------------------------------------------
2016-07-14 00:38:04
frm码单_Edit: Sub Form_Load()
您输入的表达式引用了一个关闭或不存在的对象。
----------------------------------------------------------------------------------------------------
2016-07-14 10:28:08
frm码单_Edit: Sub btnSave_Click()
宏建石材PCCS 1.0 不能找到表达式中引用的字段“|1”。
----------------------------------------------------------------------------------------------------
2016-07-14 10:28:12
frm码单_Edit: Sub btnSave_Click()
宏建石材PCCS 1.0 不能找到表达式中引用的字段“|1”。
----------------------------------------------------------------------------------------------------
2016-07-14 20:57:01
frm码单_Edit: Sub Form_Load()
您输入的表达式引用了一个关闭或不存在的对象。
----------------------------------------------------------------------------------------------------
2016-07-14 20:57:06
frm码单_Edit: Sub Form_Load()
您输入的表达式引用了一个关闭或不存在的对象。
----------------------------------------------------------------------------------------------------
2016-07-14 20:58:51
frm码单_Edit: Sub Form_Load()
您输入的表达式引用了一个关闭或不存在的对象。
----------------------------------------------------------------------------------------------------
2016-07-14 21:00:55
frm码单_Edit: Sub Form_Load()
您输入的表达式引用了一个关闭或不存在的对象。
----------------------------------------------------------------------------------------------------
2016-07-14 21:01:44
frm码单_Edit: Sub Form_Load()
您输入的表达式引用了一个关闭或不存在的对象。
----------------------------------------------------------------------------------------------------
2016-07-14 21:06:19
frm码单_Edit: Sub Form_Load()
您输入的表达式引用了一个关闭或不存在的对象。
----------------------------------------------------------------------------------------------------
2016-07-14 21:25:36
frm码单_Edit: Sub Form_Load()
语法错误 (操作符丢失) 在查询表达式 '[part_no]=1order by pic_no' 中。
----------------------------------------------------------------------------------------------------
2016-07-14 23:41:11
frm码单_Edit: Sub Form_Load()
对象不支持该属性或方法
