----------------------------------------------------------------------------------------------------
2016-07-22 00:15:35
SysFrmMain: Sub Form_Load()
宏建石材PCCS 1.0 不能将焦点移动到 ocxTreeMenu 控件。
----------------------------------------------------------------------------------------------------
2016-07-22 11:09:55
frm荒料板材: Sub Form_Load()
您输入的表达式引用了一个关闭或不存在的对象。
----------------------------------------------------------------------------------------------------
2016-07-22 13:46:43
Function RunMenuCommand()
对象变量或 With 块变量未设置
----------------------------------------------------------------------------------------------------
2016-07-22 13:46:46
Function RunMenuCommand()
对象变量或 With 块变量未设置
----------------------------------------------------------------------------------------------------
2016-07-22 13:46:48
Function RunMenuCommand()
对象变量或 With 块变量未设置
----------------------------------------------------------------------------------------------------
2016-07-22 14:38:11
frm码单_Edit: Sub Form_Load()
语法错误 (操作符丢失) 在查询表达式 'block_ID=' 中。
----------------------------------------------------------------------------------------------------
2016-07-22 15:48:42
frm码单_Edit: Sub Form_Load()
语法错误 (操作符丢失) 在查询表达式 'block_ID=' 中。
----------------------------------------------------------------------------------------------------
2016-07-22 16:30:23
frm荒料板材_Edit: Sub Form_Load()
Microsoft Access 数据库引擎找不到输入表或查询“qry入库码单列表”。请确定它存在且其名称拼写正确。
----------------------------------------------------------------------------------------------------
2016-07-22 16:35:50
frm荒料板材_Edit: Sub Form_Load()
表 'TMP_tbl入库码单列表' 己经被别的用户以独占方式打开， 或它已经被其它用户从用户界面打开，且不能被程序处理。
----------------------------------------------------------------------------------------------------
2016-07-22 17:27:47
frm码单_Edit: Sub Form_Load()
宏建石材PCCS 1.8beta 不能找到表达式中引用的字段“|1”。
----------------------------------------------------------------------------------------------------
2016-07-22 17:28:00
frm码单_Edit: Sub Form_Load()
宏建石材PCCS 1.8beta 不能找到表达式中引用的字段“|1”。
----------------------------------------------------------------------------------------------------
2016-07-22 17:28:58
frm码单_Edit: Sub Form_Load()
宏建石材PCCS 1.8beta 不能找到表达式中引用的字段“|1”。
----------------------------------------------------------------------------------------------------
2016-07-22 17:42:48
frm码单_Edit: Sub Form_Load()
语法错误 (操作符丢失) 在查询表达式 'block_ID=' 中。
----------------------------------------------------------------------------------------------------
2016-07-22 17:43:00
frm码单_Edit: Sub Form_Load()
语法错误 (操作符丢失) 在查询表达式 'block_ID=' 中。
----------------------------------------------------------------------------------------------------
2016-07-22 17:43:09
frm码单_Edit: Sub Form_Load()
语法错误 (操作符丢失) 在查询表达式 'block_ID=' 中。
----------------------------------------------------------------------------------------------------
2016-07-22 18:00:49
frm码单_Edit: Sub Form_Load()
语法错误 (操作符丢失) 在查询表达式 'block_ID=' 中。
----------------------------------------------------------------------------------------------------
2016-07-22 21:34:42
frm荒料板材_Edit: Sub Form_Load()
ODBC--连接到 'SQL Server192.168.1.187' 失败。
----------------------------------------------------------------------------------------------------
2016-07-22 21:35:46
frm荒料板材_Edit: Sub Form_Load()
ODBC--连接到 'SQL Server192.168.1.187' 失败。
