----------------------------------------------------------------------------------------------------
2017-01-17 14:56:50
frm码单_Edit: Sub Form_Load()
您输入的值不符合为字段或控件所定义的验证规则。
----------------------------------------------------------------------------------------------------
2017-01-17 14:57:02
frm码单_Edit: Sub Form_Load()
您输入的值不符合为字段或控件所定义的验证规则。
----------------------------------------------------------------------------------------------------
2017-01-17 14:57:20
frm码单_Edit: Sub Form_Load()
您输入的值不符合为字段或控件所定义的验证规则。
----------------------------------------------------------------------------------------------------
2017-01-17 14:58:11
frm码单_Edit: Sub Form_Load()
您输入的值不符合为字段或控件所定义的验证规则。
----------------------------------------------------------------------------------------------------
2017-01-17 14:58:58
frm码单_Edit: Sub Form_Load()
您输入的值不符合为字段或控件所定义的验证规则。
----------------------------------------------------------------------------------------------------
2017-01-17 15:00:06
frm码单_Edit: Sub Form_Load()
您输入的表达式引用了一个关闭或不存在的对象。
