----------------------------------------------------------------------------------------------------
2016-09-09 00:17:04
frm提醒列表_Edit: Sub btnSave_Click()
ODBC--调用失败。
----------------------------------------------------------------------------------------------------
2016-09-09 00:17:09
frm提醒列表_Edit: Sub btnSave_Click()
ODBC--调用失败。
----------------------------------------------------------------------------------------------------
2016-09-09 00:18:04
frm销售订单: Sub Form_Load()
您输入的表达式引用了一个关闭或不存在的对象。
----------------------------------------------------------------------------------------------------
2016-09-09 00:19:13
frm提醒列表_Edit: Sub btnSave_Click()
ODBC--调用失败。
----------------------------------------------------------------------------------------------------
2016-09-09 00:19:15
frm提醒列表_Edit: Sub btnSave_Click()
ODBC--调用失败。
----------------------------------------------------------------------------------------------------
2016-09-09 00:19:19
frm提醒列表_Edit: Sub btnSave_Click()
ODBC--调用失败。
----------------------------------------------------------------------------------------------------
2016-09-09 00:20:22
frm提醒列表_Edit: Sub btnSave_Click()
ODBC--调用失败。
----------------------------------------------------------------------------------------------------
2016-09-09 00:20:25
frm提醒列表_Edit: Sub btnSave_Click()
ODBC--调用失败。
