----------------------------------------------------------------------------------------------------
2016-07-16 11:48:34
frm码单_Edit2: Sub Form_Load()
您为该字段输入的值无效。
----------------------------------------------------------------------------------------------------
2016-07-16 11:48:41
frm码单_Edit2: Sub Form_Load()
您为该字段输入的值无效。
----------------------------------------------------------------------------------------------------
2016-07-16 12:16:12
frm荒料板材_Edit: Sub Form_Load()
您为该字段输入的值无效。
----------------------------------------------------------------------------------------------------
2016-07-16 12:49:07
frm荒料板材_Edit: Sub Form_Load()
您为该字段输入的值无效。
----------------------------------------------------------------------------------------------------
2016-07-16 13:52:27
frm出入库管理_Edit: Sub Form_Load()
在对应所需名称或序数的集合中，未找到项目。
----------------------------------------------------------------------------------------------------
2016-07-16 13:52:33
frm出入库管理_Edit: Sub Form_Load()
在对应所需名称或序数的集合中，未找到项目。
----------------------------------------------------------------------------------------------------
2016-07-16 13:52:43
frm出入库管理_Edit: Sub Form_Load()
在对应所需名称或序数的集合中，未找到项目。
----------------------------------------------------------------------------------------------------
2016-07-16 13:52:50
frm出入库管理_Edit: Sub Form_Load()
在对应所需名称或序数的集合中，未找到项目。
