----------------------------------------------------------------------------------------------------
2016-08-14 00:42:54
frm销售订单_Edit: Sub Form_Load()
Microsoft Access 数据库引擎找不到输入表或查询“TMP_tbl销售提货记录”。请确定它存在且其名称拼写正确。
----------------------------------------------------------------------------------------------------
2016-08-14 00:43:16
frm销售订单_Edit: Sub Form_Load()
Microsoft Access 数据库引擎找不到输入表或查询“TMP_tbl销售提货记录”。请确定它存在且其名称拼写正确。
----------------------------------------------------------------------------------------------------
2016-08-14 11:09:09
frm荒料板材表_选择: Sub Form_Load()
ODBC--连接到 'SQL Server120.24.161.98' 失败。
----------------------------------------------------------------------------------------------------
2016-08-14 12:16:33
frm荒料板材表_选择: Sub Form_Load()
ODBC--连接到 'SQL Server120.24.161.98' 失败。
----------------------------------------------------------------------------------------------------
2016-08-14 12:27:40
frm荒料板材表_选择: Sub Form_Load()
ODBC--连接到 'SQL Server120.24.161.98' 失败。
----------------------------------------------------------------------------------------------------
2016-08-14 14:15:06
frm销售订单: Sub Form_Load()
您输入的表达式引用了一个关闭或不存在的对象。
----------------------------------------------------------------------------------------------------
2016-08-14 14:15:14
frm出入库管理: Sub Form_Load()
您输入的表达式引用了一个关闭或不存在的对象。
