----------------------------------------------------------------------------------------------------
2016-08-31 09:53:33
frm荒料板材表_选择: Sub Form_Load()
语法错误 在查询表达式 'block_ID in (select block_ID TMP_tbl荒料板材表_选择编号)' 中。
----------------------------------------------------------------------------------------------------
2016-08-31 09:53:38
frm荒料板材表_选择: Sub Form_Load()
语法错误 在查询表达式 'block_ID in (select block_ID TMP_tbl荒料板材表_选择编号)' 中。
----------------------------------------------------------------------------------------------------
2016-08-31 09:54:25
Function RunMenuCommand()
方法 'SourceObject' 作用于对象 '_SubForm' 时失败
----------------------------------------------------------------------------------------------------
2016-08-31 10:37:41
frm荒料板材_Edit: Sub Form_Load()
Microsoft Access 数据库引擎找不到输入表或查询“tbl荒料板材表_选择编号”。请确定它存在且其名称拼写正确。
----------------------------------------------------------------------------------------------------
2016-08-31 10:37:50
frm荒料板材_Edit: Sub Form_Load()
Microsoft Access 数据库引擎找不到输入表或查询“tbl荒料板材表_选择编号”。请确定它存在且其名称拼写正确。
