----------------------------------------------------------------------------------------------------
2016-07-30 09:30:15
Function RunMenuCommand()
您输入的表达式引用了一个关闭或不存在的对象。
----------------------------------------------------------------------------------------------------
2016-07-30 09:54:12
frm销售订单: Sub Form_Load()
您输入的表达式引用了一个关闭或不存在的对象。
----------------------------------------------------------------------------------------------------
2016-07-30 09:54:17
frm销售订单: Sub Form_Load()
您输入的表达式引用了一个关闭或不存在的对象。
----------------------------------------------------------------------------------------------------
2016-07-30 09:55:25
frm销售订单: Sub Form_Load()
您输入的表达式引用了一个关闭或不存在的对象。
----------------------------------------------------------------------------------------------------
2016-07-30 10:01:20
frm销售订单: Sub Form_Load()
您输入的表达式引用了一个关闭或不存在的对象。
----------------------------------------------------------------------------------------------------
2016-07-30 10:01:24
frm销售订单: Sub Form_Load()
您输入的表达式引用了一个关闭或不存在的对象。
----------------------------------------------------------------------------------------------------
2016-07-30 10:01:28
frm销售订单: Sub Form_Load()
您输入的表达式引用了一个关闭或不存在的对象。
----------------------------------------------------------------------------------------------------
2016-07-30 14:45:53
Function RunMenuCommand()
方法 'SourceObject' 作用于对象 '_SubForm' 时失败
----------------------------------------------------------------------------------------------------
2016-07-30 20:28:27
frm销售订单_Edit: Sub Form_Load()
在对应所需名称或序数的集合中，未找到项目。
----------------------------------------------------------------------------------------------------
2016-07-30 20:28:34
frm销售订单_Edit: Sub Form_Load()
在对应所需名称或序数的集合中，未找到项目。
----------------------------------------------------------------------------------------------------
2016-07-30 20:33:03
frm销售订单_Edit: Sub Form_Load()
在对应所需名称或序数的集合中，未找到项目。
