----------------------------------------------------------------------------------------------------
2016-07-02 11:22:12
SysFrmLogin: Sub btnLogin_Click()
对象名 'Sys_Roles' 无效。
----------------------------------------------------------------------------------------------------
2016-07-02 13:46:52
frm销售订单_Edit: Sub Form_Load()
您不能转到指定的记录。
----------------------------------------------------------------------------------------------------
2016-07-02 13:48:04
frm销售订单_Edit: Sub Form_Load()
您不能转到指定的记录。
----------------------------------------------------------------------------------------------------
2016-07-02 13:48:34
frm销售订单_Edit: Sub Form_Load()
您不能转到指定的记录。
----------------------------------------------------------------------------------------------------
2016-07-02 13:49:07
frm销售订单_Edit: Sub Form_Load()
您不能转到指定的记录。
----------------------------------------------------------------------------------------------------
2016-07-02 13:51:32
frm销售订单_Edit: Sub Form_Load()
您不能转到指定的记录。
----------------------------------------------------------------------------------------------------
2016-07-02 14:06:02
frm销售订单_Edit: Sub Form_Load()
您不能将数值指定给这个对象。
----------------------------------------------------------------------------------------------------
2016-07-02 14:06:39
frm销售订单_Edit: Sub Form_Load()
您不能将数值指定给这个对象。
----------------------------------------------------------------------------------------------------
2016-07-02 14:07:14
frm销售订单_Edit: Sub Form_Load()
您不能将数值指定给这个对象。
----------------------------------------------------------------------------------------------------
2016-07-02 14:09:13
frm销售订单_Edit: Sub Form_Load()
您不能将数值指定给这个对象。
----------------------------------------------------------------------------------------------------
2016-07-02 14:29:19
Function RunMenuCommand()
管理系统PCCS 1.0 找不到引用的窗体“frm出入库管理”。
----------------------------------------------------------------------------------------------------
2016-07-02 14:56:57
Function RunMenuCommand()
管理系统PCCS 1.0 找不到引用的窗体“frm出入库管理”。
----------------------------------------------------------------------------------------------------
2016-07-02 15:11:28
Function RunMenuCommand()
管理系统PCCS 1.0 找不到引用的窗体“frm出入库管理”。
----------------------------------------------------------------------------------------------------
2016-07-02 15:13:00
Function RunMenuCommand()
管理系统PCCS 1.0 找不到引用的窗体“frm出入库管理”。
----------------------------------------------------------------------------------------------------
2016-07-02 15:13:03
Function RunMenuCommand()
管理系统PCCS 1.0 找不到引用的窗体“frm出入库管理”。
----------------------------------------------------------------------------------------------------
2016-07-02 15:16:31
Function RunMenuCommand()
管理系统PCCS 1.0 找不到引用的窗体“frm出入库管理”。
----------------------------------------------------------------------------------------------------
2016-07-02 15:18:41
Function RunMenuCommand()
管理系统PCCS 1.0 找不到引用的窗体“frm出入库管理”。
----------------------------------------------------------------------------------------------------
2016-07-02 15:23:17
Function RunMenuCommand()
管理系统PCCS 1.0 找不到引用的窗体“frm出入库管理”。
----------------------------------------------------------------------------------------------------
2016-07-02 15:23:26
Function RunMenuCommand()
管理系统PCCS 1.0 找不到引用的窗体“frm出入库管理”。
----------------------------------------------------------------------------------------------------
2016-07-02 15:33:57
Function RunMenuCommand()
管理系统PCCS 1.0 找不到引用的窗体“frm出入库管理”。
----------------------------------------------------------------------------------------------------
2016-07-02 15:38:57
Function RunMenuCommand()
管理系统PCCS 1.0 找不到引用的窗体“frm出入库管理”。
----------------------------------------------------------------------------------------------------
2016-07-02 15:49:32
Function RunMenuCommand()
因为另一个用户正在打开文件，管理系统PCCS 1.0 无法保存设计更改或保存到一个新的数据库对象中。如果想要保存您的设计更改或保存到一个新的对象中，您必须以独占方式打开该文件。
----------------------------------------------------------------------------------------------------
2016-07-02 15:49:42
Function RunMenuCommand()
管理系统PCCS 1.0 找不到引用的窗体“frm出入库管理”。
----------------------------------------------------------------------------------------------------
2016-07-02 15:49:46
Function RunMenuCommand()
管理系统PCCS 1.0 找不到引用的窗体“frm出入库管理”。
----------------------------------------------------------------------------------------------------
2016-07-02 17:53:04
frm进口代理订单: Sub Form_Load()
您输入的表达式引用了一个关闭或不存在的对象。
----------------------------------------------------------------------------------------------------
2016-07-02 17:53:18
frm采购付款信息: Sub Form_Load()
您输入的表达式引用了一个关闭或不存在的对象。
----------------------------------------------------------------------------------------------------
2016-07-02 17:53:48
frm进口代理订单: Sub Form_Load()
您输入的表达式引用了一个关闭或不存在的对象。
----------------------------------------------------------------------------------------------------
2016-07-02 17:56:07
frm进口代理订单: Sub Form_Load()
您输入的表达式引用了一个关闭或不存在的对象。
