----------------------------------------------------------------------------------------------------
2016-08-09 08:58:03
frm销售订单: Sub Form_Load()
您输入的表达式引用了一个关闭或不存在的对象。
----------------------------------------------------------------------------------------------------
2016-08-09 08:58:09
frm销售订单: Sub Form_Load()
您输入的表达式引用了一个关闭或不存在的对象。
----------------------------------------------------------------------------------------------------
2016-08-09 09:53:42
Function RunMenuCommand()
对象变量或 With 块变量未设置
----------------------------------------------------------------------------------------------------
2016-08-09 09:53:45
Function RunMenuCommand()
对象变量或 With 块变量未设置
----------------------------------------------------------------------------------------------------
2016-08-09 09:58:03
Function RunMenuCommand()
对象变量或 With 块变量未设置
----------------------------------------------------------------------------------------------------
2016-08-09 09:58:13
Function RunMenuCommand()
对象变量或 With 块变量未设置
----------------------------------------------------------------------------------------------------
2016-08-09 11:30:22
frm码单_Edit2: Sub Form_Load()
语法错误 (操作符丢失) 在查询表达式 'block_ID=' 中。
