----------------------------------------------------------------------------------------------------
2016-08-07 00:00:12
SysFrmLogin: Sub btnLogin_Click()
对象名 'Sys_Users' 无效。
----------------------------------------------------------------------------------------------------
2016-08-07 00:01:08
frm销售订单_Edit: Sub Form_Load()
ODBC--调用失败。
----------------------------------------------------------------------------------------------------
2016-08-07 00:02:01
frm销售订单_Edit: Sub Form_Load()
ODBC--调用失败。
----------------------------------------------------------------------------------------------------
2016-08-07 09:01:59
frm销售订单_Edit: Sub Form_Load()
ODBC--调用失败。
----------------------------------------------------------------------------------------------------
2016-08-07 13:41:41
frm销售订单: Sub Form_Load()
您输入的表达式引用了一个关闭或不存在的对象。
----------------------------------------------------------------------------------------------------
2016-08-07 13:44:54
frm销售订单: Sub Form_Load()
您输入的表达式引用了一个关闭或不存在的对象。
----------------------------------------------------------------------------------------------------
2016-08-07 13:45:12
frm出入库管理: Sub Form_Load()
您输入的表达式引用了一个关闭或不存在的对象。
----------------------------------------------------------------------------------------------------
2016-08-07 16:03:01
SysFrmLogin: Sub btnLogin_Click()
ODBC--调用失败。
----------------------------------------------------------------------------------------------------
2016-08-07 16:32:35
frm销售订单_Edit: Sub Form_Load()
ODBC--调用失败。
----------------------------------------------------------------------------------------------------
2016-08-07 17:04:24
SysFrmMain: Sub Form_Load()
对象不支持该属性或方法
----------------------------------------------------------------------------------------------------
2016-08-07 21:59:24
frm码单_Edit: Sub btnSave_Click()
对象不支持该属性或方法
----------------------------------------------------------------------------------------------------
2016-08-07 21:59:34
frm码单_Edit: Sub btnSave_Click()
对象不支持该属性或方法
